#-----------------------------------------------------------
# Vivado v2018.3 (64-bit)
# SW Build 2405991 on Thu Dec  6 23:38:27 MST 2018
# IP Build 2404404 on Fri Dec  7 01:43:56 MST 2018
# Start of session at: Tue Jan  7 21:09:52 2025
# Process ID: 9732
# Current directory: E:/learn/cpuhomework/Pipeline50/pipline50
# Command line: vivado.exe -mode batch -source run.tcl
# Log file: E:/learn/cpuhomework/Pipeline50/pipline50/vivado.log
# Journal file: E:/learn/cpuhomework/Pipeline50/pipline50\vivado.jou
#-----------------------------------------------------------
source run.tcl
# open_project "E:\\learn\\cpuhomework\\Pipeline50\\pipline50\\pipline50.xpr"
Scanning sources...
Finished scanning sources
# launch_simulation -simset sim_1
INFO: [Vivado 12-5682] Launching behavioral simulation in 'E:/learn/cpuhomework/Pipeline50/pipline50/pipline50.sim/sim_1/behav/xsim'
INFO: [SIM-utils-51] Simulation object is 'sim_1'
INFO: [SIM-utils-54] Inspecting design source files for 'mips_tb' in fileset 'sim_1'...
INFO: [USF-XSim-97] Finding global include files...
INFO: [USF-XSim-98] Fetching design files from 'sim_1'...
INFO: [USF-XSim-2] XSim::Compile design
INFO: [USF-XSim-61] Executing 'COMPILE and ANALYZE' step in 'E:/learn/cpuhomework/Pipeline50/pipline50/pipline50.sim/sim_1/behav/xsim'
"xvlog --incr --relax -prj mips_tb_vlog.prj"
INFO: [USF-XSim-69] 'compile' step finished in '1' seconds
INFO: [USF-XSim-3] XSim::Elaborate design
INFO: [USF-XSim-61] Executing 'ELABORATE' step in 'E:/learn/cpuhomework/Pipeline50/pipline50/pipline50.sim/sim_1/behav/xsim'
Vivado Simulator 2018.3
Copyright 1986-1999, 2001-2018 Xilinx, Inc. All Rights Reserved.
Running: D:/download/Vivado/Vivado/2018.3/bin/unwrapped/win64.o/xelab.exe -wto 609e2870074c42a0a557dd56411259b7 --incr --debug typical --relax --mt 2 -L xil_defaultlib -L unisims_ver -L unimacro_ver -L secureip --snapshot mips_tb_behav xil_defaultlib.mips_tb xil_defaultlib.glbl -log elaborate.log 
Using 2 slave threads.
Starting static elaboration
WARNING: [VRFC 10-3091] actual bit length 5 differs from formal bit length 32 for port 'in1' [E:/learn/cpuhomework/Pipeline50/pipline50/pipline50.srcs/sources_1/new/TopLevel.v:117]
WARNING: [VRFC 10-3091] actual bit length 5 differs from formal bit length 32 for port 'in1' [E:/learn/cpuhomework/Pipeline50/pipline50/pipline50.srcs/sources_1/new/TopLevel.v:119]
WARNING: [VRFC 10-3091] actual bit length 6 differs from formal bit length 5 for port 'rd1' [E:/learn/cpuhomework/Pipeline50/pipline50/pipline50.srcs/sources_1/new/TopLevel.v:121]
WARNING: [VRFC 10-3091] actual bit length 32 differs from formal bit length 1 for port 'reset' [E:/learn/cpuhomework/Pipeline50/pipline50/pipline50.srcs/sources_1/new/TopLevel.v:151]
WARNING: [VRFC 10-3091] actual bit length 32 differs from formal bit length 1 for port 'reset' [E:/learn/cpuhomework/Pipeline50/pipline50/pipline50.srcs/sources_1/new/TopLevel.v:158]
WARNING: [VRFC 10-3091] actual bit length 5 differs from formal bit length 32 for port 'in1' [E:/learn/cpuhomework/Pipeline50/pipline50/pipline50.srcs/sources_1/new/TopLevel.v:120]
Completed static elaboration
INFO: [XSIM 43-4323] No Change in HDL. Linking previously generated obj files to create kernel
D:/download/Vivado/Vivado/2018.3/tps/mingw/6.2.0/win64.o/nt/bin/../lib/gcc/x86_64-w64-mingw32/6.2.0/../../../../x86_64-w64-mingw32/bin/ld.exe: cannot open output file xsim.dir/mips_tb_behav/xsimk.exe: Permission denied
collect2.exe: error: ld returned 1 exit status
INFO: [USF-XSim-69] 'elaborate' step finished in '2' seconds
ERROR: [USF-XSim-62] 'elaborate' step failed with error(s) while executing 'E:/learn/cpuhomework/Pipeline50/pipline50/pipline50.sim/sim_1/behav/xsim/elaborate.bat' script. Please check that the file has the correct 'read/write/execute' permissions and the Tcl console output for any other possible errors or warnings.
ERROR: [Vivado 12-4473] Detected error while running simulation. Please correct the issue and retry this operation.
launch_simulation: Time (s): cpu = 00:00:00 ; elapsed = 00:00:06 . Memory (MB): peak = 333.328 ; gain = 11.363
ERROR: [Common 17-39] 'launch_simulation' failed due to earlier errors.

    while executing
"launch_simulation -simset sim_1"
    (file "run.tcl" line 2)
INFO: [Common 17-206] Exiting Vivado at Tue Jan  7 21:10:00 2025...
