Vivado Simulator 2018.3
Time resolution is 1 ps
WARNING: Too many words specified in data file E:/learn/cpuhomework/finallab/Pipeline50/pipeline-tester-py/code.txt
@00003000: $31 <= 00003000
@00003004: $ 0 <= a18f0000
@00003008: $ 0 <= 0000c9ac
@0000300c: $ 1 <= 607b0000
@00003010: $ 1 <= 607bb348
@00003014: $ 2 <= 7a3e0000
@00003018: $ 2 <= 7a3ea6d0
@0000301c: $ 3 <= 3bc90000
@00003020: $ 3 <= 3bc9c89a
@00003024: $ 4 <= 11df0000
@00003028: $ 4 <= 11df6f65
@0000302c: $ 5 <= e1310000
@00003030: $ 5 <= e131bc59
@00003034: $ 6 <= 59e30000
@00003038: $ 6 <= 59e3970f
@0000303c: $ 7 <= 98820000
@00003040: $ 7 <= 9882132e
@00003044: $ 8 <= f1180000
@00003048: $ 8 <= f11837e8
@0000304c: $ 9 <= 89090000
@00003050: $ 9 <= 890935f6
@00003054: $10 <= 8c5b0000
@00003058: $10 <= 8c5b248d
@0000305c: $11 <= 937f0000
@00003060: $11 <= 937ff5b3
@00003064: $12 <= aef00000
@00003068: $12 <= aef08872
@0000306c: $13 <= ccfc0000
@00003070: $13 <= ccfc1561
@00003074: $14 <= 257a0000
@00003078: $14 <= 257a1b87
@0000307c: $15 <= 9cde0000
@00003080: $15 <= 9cde63be
@00003084: $16 <= 522b0000
@00003088: $16 <= 522b729a
@0000308c: $17 <= dad00000
@00003090: $17 <= dad0bac9
@00003094: $18 <= 62170000
@00003098: $18 <= 6217fc0e
@0000309c: $19 <= 14da0000
@000030a0: $19 <= 14da60c6
Stopped at time : 445 ns : File "E:/learn/cpuhomework/Pipeline50/pipline50/pipline50.srcs/sources_1/new/DM.v" Line 86
